<?xml version="1.0" encoding="UTF-8"?>
<testsuite name="Jira"
           tests="4"
           failures="0"
           errors="0"
           skipped="0"
           time="8,490">
  <properties />
  
  
            <testcase name="deleteIssue" time="3,986" classname="IssueHTTPS" />
                <testcase name="SearchIssueHTTPS" time="1,449" classname="IssueHTTPS" />
                <testcase name="CommentHTTPS" time="1,494" classname="IssueHTTPS" />
                <testcase name="createIssuePositive201HTTPS" time="1,561" classname="IssueHTTPS" />
      
</testsuite>
